[2023-05-03T09:14:41.652] [FATAL] GET - Remote: undefined, path: /apis
[2023-05-03T09:14:43.780] [FATAL] GET - Remote: undefined, path: /apis
[2023-05-03T09:15:01.331] [FATAL] GET - Remote: undefined, path: /apis
[2023-05-03T09:15:01.366] [FATAL] GET - Remote: undefined, path: /apis/
[2023-05-03T09:15:01.483] [FATAL] GET - Remote: undefined, path: /apis/swagger-ui.css
[2023-05-03T09:15:01.485] [FATAL] GET - Remote: undefined, path: /apis/swagger-ui-bundle.js
[2023-05-03T09:15:01.494] [FATAL] GET - Remote: undefined, path: /apis/swagger-ui-standalone-preset.js
[2023-05-03T09:15:01.518] [FATAL] GET - Remote: undefined, path: /apis/swagger-ui-init.js
[2023-05-03T09:15:02.416] [FATAL] GET - Remote: undefined, path: /apis/favicon-32x32.png
[2023-05-03T09:15:11.262] [FATAL] GET - Remote: undefined, path: /apis/
[2023-05-03T09:15:11.322] [FATAL] GET - Remote: undefined, path: /apis/swagger-ui-bundle.js
[2023-05-03T09:15:11.325] [FATAL] GET - Remote: undefined, path: /apis/swagger-ui-standalone-preset.js
[2023-05-03T09:15:11.330] [FATAL] GET - Remote: undefined, path: /apis/swagger-ui-init.js
[2023-05-03T09:15:11.332] [FATAL] GET - Remote: undefined, path: /apis/swagger-ui.css
[2023-05-03T09:15:11.651] [FATAL] GET - Remote: undefined, path: /apis/favicon-32x32.png
[2023-05-03T09:17:06.860] [FATAL] GET - Remote: undefined, path: /apis/
[2023-05-03T09:17:06.958] [FATAL] GET - Remote: undefined, path: /apis/swagger-ui.css
[2023-05-03T09:17:06.962] [FATAL] GET - Remote: undefined, path: /apis/swagger-ui-bundle.js
[2023-05-03T09:17:06.970] [FATAL] GET - Remote: undefined, path: /apis/swagger-ui-standalone-preset.js
[2023-05-03T09:17:06.972] [FATAL] GET - Remote: undefined, path: /apis/swagger-ui-init.js
[2023-05-03T09:17:07.699] [FATAL] GET - Remote: undefined, path: /apis/favicon-32x32.png
[2023-05-03T11:08:53.197] [FATAL] GET - Remote: undefined, path: /
[2023-05-03T11:09:14.891] [FATAL] GET - Remote: undefined, path: /apis
[2023-05-03T11:09:14.966] [FATAL] GET - Remote: undefined, path: /apis/
[2023-05-03T11:09:15.072] [FATAL] GET - Remote: undefined, path: /apis/swagger-ui-bundle.js
[2023-05-03T11:09:15.077] [FATAL] GET - Remote: undefined, path: /apis/swagger-ui-standalone-preset.js
[2023-05-03T11:09:15.084] [FATAL] GET - Remote: undefined, path: /apis/swagger-ui.css
[2023-05-03T11:09:15.086] [FATAL] GET - Remote: undefined, path: /apis/swagger-ui-init.js
[2023-05-03T11:10:34.182] [FATAL] GET - Remote: undefined, path: /apis/
[2023-05-03T11:10:34.291] [FATAL] GET - Remote: undefined, path: /apis/swagger-ui.css
[2023-05-03T11:10:34.312] [FATAL] GET - Remote: undefined, path: /apis/swagger-ui-init.js
[2023-05-03T11:10:34.316] [FATAL] GET - Remote: undefined, path: /apis/swagger-ui-bundle.js
[2023-05-03T11:10:34.320] [FATAL] GET - Remote: undefined, path: /apis/swagger-ui-standalone-preset.js
[2023-05-03T11:10:35.247] [FATAL] GET - Remote: undefined, path: /apis/favicon-32x32.png
[2023-05-03T11:11:11.713] [FATAL] GET - Remote: undefined, path: /apis/
[2023-05-03T11:11:11.773] [FATAL] GET - Remote: undefined, path: /apis/swagger-ui.css
[2023-05-03T11:11:11.779] [FATAL] GET - Remote: undefined, path: /apis/swagger-ui-bundle.js
[2023-05-03T11:11:11.785] [FATAL] GET - Remote: undefined, path: /apis/swagger-ui-standalone-preset.js
[2023-05-03T11:11:11.790] [FATAL] GET - Remote: undefined, path: /apis/swagger-ui-init.js
[2023-05-03T11:11:12.255] [FATAL] GET - Remote: undefined, path: /apis/favicon-32x32.png
[2023-05-03T11:11:17.483] [FATAL] POST - Remote: http://localhost:5000, path: /api/auth/login
[2023-05-03T11:11:39.747] [FATAL] POST - Remote: http://localhost:5000, path: /api/auth/login
[2023-05-03T11:12:50.147] [FATAL] GET - Remote: undefined, path: /api/cat
[2023-05-03T11:14:07.773] [FATAL] GET - Remote: undefined, path: /apis/
[2023-05-03T11:14:07.831] [FATAL] GET - Remote: undefined, path: /apis/swagger-ui.css
[2023-05-03T11:14:07.833] [FATAL] GET - Remote: undefined, path: /apis/swagger-ui-standalone-preset.js
[2023-05-03T11:14:07.839] [FATAL] GET - Remote: undefined, path: /apis/swagger-ui-init.js
[2023-05-03T11:14:07.843] [FATAL] GET - Remote: undefined, path: /apis/swagger-ui-bundle.js
[2023-05-03T11:14:08.487] [FATAL] GET - Remote: undefined, path: /apis/favicon-32x32.png
[2023-05-03T11:14:13.015] [FATAL] POST - Remote: http://localhost:5000, path: /api/auth/login
[2023-05-03T11:14:25.773] [FATAL] POST - Remote: http://localhost:5000, path: /api/auth/login
[2023-05-03T11:33:55.338] [FATAL] POST - Remote: http://localhost:4200, path: /api/auth/login
[2023-05-03T11:34:05.272] [FATAL] POST - Remote: http://localhost:4200, path: /api/auth/login
[2023-05-03T11:35:05.531] [FATAL] POST - Remote: http://localhost:4200, path: /api/auth/login
[2023-05-03T11:35:06.628] [FATAL] POST - Remote: http://localhost:4200, path: /api/auth/login
[2023-05-03T11:42:41.354] [FATAL] POST - Remote: http://localhost:4200, path: /api/auth/login
[2023-05-03T11:54:37.000] [FATAL] POST - Remote: http://localhost:4200, path: /api/auth/login
[2023-05-03T11:54:47.547] [FATAL] POST - Remote: http://localhost:4200, path: /api/auth/login
[2023-05-03T11:57:06.432] [FATAL] POST - Remote: http://localhost:4200, path: /api/auth/login
[2023-05-03T12:00:58.194] [FATAL] GET - Remote: undefined, path: /apis/
[2023-05-03T12:00:58.295] [FATAL] GET - Remote: undefined, path: /apis/swagger-ui.css
[2023-05-03T12:00:58.302] [FATAL] GET - Remote: undefined, path: /apis/swagger-ui-bundle.js
[2023-05-03T12:00:58.314] [FATAL] GET - Remote: undefined, path: /apis/swagger-ui-standalone-preset.js
[2023-05-03T12:00:58.317] [FATAL] GET - Remote: undefined, path: /apis/swagger-ui-init.js
[2023-05-03T12:25:05.960] [FATAL] POST - Remote: http://localhost:4200, path: /api/auth/login
[2023-05-03T12:26:01.925] [FATAL] POST - Remote: http://localhost:4200, path: /api/auth/login
[2023-05-03T12:29:40.271] [FATAL] POST - Remote: http://localhost:4200, path: /api/auth/login
[2023-05-03T12:33:20.461] [FATAL] POST - Remote: http://localhost:4200, path: /api/auth/login
[2023-05-03T12:38:22.022] [FATAL] POST - Remote: http://localhost:4200, path: /api/auth/login
[2023-05-03T12:44:49.250] [FATAL] POST - Remote: http://localhost:4200, path: /api/auth/login
[2023-05-03T12:46:26.537] [FATAL] POST - Remote: http://localhost:4200, path: /api/auth/login
[2023-05-03T12:46:38.667] [FATAL] POST - Remote: http://localhost:4200, path: /api/auth/login
[2023-05-03T12:49:46.821] [FATAL] POST - Remote: http://localhost:4200, path: /api/auth/login
[2023-05-03T12:50:40.426] [FATAL] POST - Remote: http://localhost:4200, path: /api/auth/login
[2023-05-03T12:52:16.054] [FATAL] POST - Remote: http://localhost:4200, path: /api/auth/login
[2023-05-03T12:59:06.135] [FATAL] POST - Remote: http://localhost:4200, path: /api/auth/login
[2023-05-03T12:59:26.654] [FATAL] POST - Remote: http://localhost:4200, path: /api/auth/login
[2023-05-03T13:00:52.579] [FATAL] POST - Remote: http://localhost:4200, path: /api/auth/login
[2023-05-03T13:01:19.528] [FATAL] POST - Remote: http://localhost:4200, path: /api/auth/login
[2023-05-03T13:03:18.175] [FATAL] POST - Remote: http://localhost:4200, path: /api/auth/login
[2023-05-03T13:03:27.713] [FATAL] POST - Remote: http://localhost:4200, path: /api/auth/login
[2023-05-03T13:07:20.321] [FATAL] POST - Remote: http://localhost:4200, path: /api/auth/login
[2023-05-03T13:08:56.705] [FATAL] POST - Remote: http://localhost:4200, path: /api/auth/login
[2023-05-03T13:10:06.029] [FATAL] POST - Remote: http://localhost:4200, path: /api/auth/login
[2023-05-03T13:11:13.863] [FATAL] POST - Remote: http://localhost:4200, path: /api/auth/login
[2023-05-03T13:11:16.699] [FATAL] POST - Remote: http://localhost:4200, path: /api/auth/login
[2023-05-03T13:11:23.184] [FATAL] POST - Remote: http://localhost:4200, path: /api/auth/login
[2023-05-03T13:11:25.842] [FATAL] POST - Remote: http://localhost:4200, path: /api/auth/login
[2023-05-03T13:12:09.449] [FATAL] POST - Remote: http://localhost:4200, path: /api/auth/login
[2023-05-03T13:12:17.532] [FATAL] POST - Remote: http://localhost:4200, path: /api/auth/login
[2023-05-03T13:13:30.468] [FATAL] POST - Remote: http://localhost:4200, path: /api/auth/login
[2023-05-03T13:32:55.425] [FATAL] POST - Remote: http://localhost:4200, path: /api/auth/login
[2023-05-03T14:24:03.218] [FATAL] POST - Remote: http://localhost:4200, path: /api/auth/login
[2023-05-03T14:52:00.255] [FATAL] POST - Remote: http://localhost:4200, path: /api/auth/login
[2023-05-03T15:53:10.278] [FATAL] POST - Remote: http://localhost:4200, path: /api/auth/login
[2023-05-03T16:21:05.339] [FATAL] POST - Remote: http://localhost:4200, path: /api/auth/login
[2023-05-03T16:22:26.928] [FATAL] POST - Remote: http://localhost:4200, path: /api/auth/login
[2023-05-03T16:24:47.106] [FATAL] POST - Remote: http://localhost:4200, path: /api/auth/login
[2023-05-03T16:34:15.178] [FATAL] POST - Remote: http://localhost:4200, path: /api/auth/login
[2023-05-03T16:37:15.975] [FATAL] GET - Remote: undefined, path: /apis/
[2023-05-03T16:37:16.060] [FATAL] GET - Remote: undefined, path: /apis/swagger-ui.css
[2023-05-03T16:37:16.063] [FATAL] GET - Remote: undefined, path: /apis/swagger-ui-bundle.js
[2023-05-03T16:37:16.067] [FATAL] GET - Remote: undefined, path: /apis/swagger-ui-standalone-preset.js
[2023-05-03T16:37:16.083] [FATAL] GET - Remote: undefined, path: /apis/swagger-ui-init.js
[2023-05-03T16:40:26.443] [FATAL] POST - Remote: http://localhost:4200, path: /api/auth/register
[2023-05-03T16:42:07.821] [FATAL] POST - Remote: http://localhost:4200, path: /api/auth/register
[2023-05-03T16:42:13.831] [FATAL] POST - Remote: http://localhost:4200, path: /api/auth/register
[2023-05-03T16:42:55.652] [FATAL] GET - Remote: undefined, path: /api/user
[2023-05-03T16:42:55.965] [FATAL] GET - Remote: undefined, path: /favicon.ico
[2023-05-03T16:43:25.532] [FATAL] GET - Remote: undefined, path: /api/user
[2023-05-03T16:56:22.970] [FATAL] GET - Remote: undefined, path: /api/user
[2023-05-03T19:59:10.238] [FATAL] GET - Remote: undefined, path: /api/user
[2023-05-03T20:01:40.409] [FATAL] GET - Remote: http://localhost:4200, path: /api/user
[2023-05-03T20:02:40.544] [FATAL] GET - Remote: http://localhost:4200, path: /api/user
[2023-05-03T20:03:06.207] [FATAL] GET - Remote: http://localhost:4200, path: /api/user
[2023-05-03T20:04:23.884] [FATAL] GET - Remote: http://localhost:4200, path: /api/user
[2023-05-03T20:07:49.435] [FATAL] GET - Remote: http://localhost:4200, path: /api/user
[2023-05-03T20:08:19.863] [FATAL] GET - Remote: http://localhost:4200, path: /api/user
[2023-05-03T20:08:24.806] [FATAL] GET - Remote: http://localhost:4200, path: /api/user
[2023-05-03T20:08:33.187] [FATAL] GET - Remote: http://localhost:4200, path: /api/user
[2023-05-03T20:08:42.878] [FATAL] GET - Remote: http://localhost:4200, path: /api/user
[2023-05-03T20:13:43.211] [FATAL] GET - Remote: http://localhost:4200, path: /api/user
[2023-05-03T20:14:12.379] [FATAL] GET - Remote: http://localhost:4200, path: /api/user
[2023-05-03T20:14:53.552] [FATAL] GET - Remote: http://localhost:4200, path: /api/user
[2023-05-03T20:15:56.968] [FATAL] GET - Remote: http://localhost:4200, path: /api/user
[2023-05-03T20:16:20.697] [FATAL] GET - Remote: http://localhost:4200, path: /api/user
[2023-05-03T20:18:21.523] [FATAL] GET - Remote: http://localhost:4200, path: /api/user
[2023-05-03T20:19:25.138] [FATAL] GET - Remote: http://localhost:4200, path: /api/user
[2023-05-03T20:19:59.192] [FATAL] GET - Remote: http://localhost:4200, path: /api/user
[2023-05-03T20:21:29.498] [FATAL] GET - Remote: http://localhost:4200, path: /api/user
[2023-05-03T20:21:32.379] [FATAL] GET - Remote: http://localhost:4200, path: /api/user
[2023-05-03T20:21:43.601] [FATAL] POST - Remote: http://localhost:4200, path: /api/auth/register
[2023-05-03T20:22:02.524] [FATAL] POST - Remote: http://localhost:4200, path: /api/auth/register
[2023-05-03T20:24:02.512] [FATAL] GET - Remote: http://localhost:4200, path: /api/user
[2023-05-03T20:25:32.342] [FATAL] POST - Remote: http://localhost:4200, path: /api/auth/register
[2023-05-03T20:25:40.558] [FATAL] GET - Remote: http://localhost:4200, path: /api/user
[2023-05-03T20:25:50.659] [FATAL] GET - Remote: http://localhost:4200, path: /api/user
[2023-05-03T20:25:53.275] [FATAL] GET - Remote: http://localhost:4200, path: /api/user
[2023-05-03T20:26:03.043] [FATAL] POST - Remote: http://localhost:4200, path: /api/auth/register
[2023-05-03T20:26:07.130] [FATAL] GET - Remote: http://localhost:4200, path: /api/user
[2023-05-03T20:26:17.042] [FATAL] GET - Remote: http://localhost:4200, path: /api/user
[2023-05-03T20:26:24.169] [FATAL] POST - Remote: http://localhost:4200, path: /api/auth/register
[2023-05-03T20:30:29.850] [FATAL] GET - Remote: http://localhost:4200, path: /api/user
[2023-05-03T20:31:48.421] [FATAL] GET - Remote: http://localhost:4200, path: /api/user
[2023-05-03T20:31:56.826] [FATAL] POST - Remote: http://localhost:4200, path: /api/auth/register
[2023-05-03T20:32:19.517] [FATAL] GET - Remote: http://localhost:4200, path: /api/user
[2023-05-03T20:32:30.365] [FATAL] POST - Remote: http://localhost:4200, path: /api/auth/register
[2023-05-03T20:33:49.649] [FATAL] GET - Remote: http://localhost:4200, path: /api/user
[2023-05-03T20:34:04.688] [FATAL] POST - Remote: http://localhost:4200, path: /api/auth/register
[2023-05-03T20:34:10.683] [FATAL] GET - Remote: http://localhost:4200, path: /api/user
[2023-05-03T21:03:05.077] [FATAL] POST - Remote: http://localhost:4200, path: /api/auth/login
[2023-05-03T21:03:05.890] [FATAL] GET - Remote: http://localhost:4200, path: /api/user
[2023-05-03T21:06:40.108] [FATAL] GET - Remote: http://localhost:4200, path: /api/user
[2023-05-03T21:06:43.546] [FATAL] GET - Remote: http://localhost:4200, path: /api/user
[2023-05-03T21:06:57.181] [FATAL] GET - Remote: http://localhost:4200, path: /api/user
[2023-05-03T21:07:10.109] [FATAL] GET - Remote: http://localhost:4200, path: /api/user
[2023-05-03T21:08:02.087] [FATAL] GET - Remote: http://localhost:4200, path: /api/user
[2023-05-03T21:08:12.925] [FATAL] POST - Remote: http://localhost:4200, path: /api/auth/register
[2023-05-03T21:08:13.262] [FATAL] GET - Remote: http://localhost:4200, path: /api/user
[2023-05-03T21:08:25.686] [FATAL] POST - Remote: http://localhost:4200, path: /api/auth/register
[2023-05-03T21:08:36.287] [FATAL] POST - Remote: http://localhost:4200, path: /api/auth/register
[2023-05-03T21:09:27.106] [FATAL] GET - Remote: http://localhost:4200, path: /api/user
[2023-05-03T21:10:25.195] [FATAL] GET - Remote: http://localhost:4200, path: /api/user
[2023-05-03T21:10:31.332] [FATAL] GET - Remote: http://localhost:4200, path: /api/user
[2023-05-03T21:10:33.239] [FATAL] POST - Remote: http://localhost:4200, path: /api/auth/register
[2023-05-03T21:11:25.063] [FATAL] GET - Remote: http://localhost:4200, path: /api/user
[2023-05-03T21:11:29.270] [FATAL] POST - Remote: http://localhost:4200, path: /api/auth/register
[2023-05-03T21:12:10.188] [FATAL] GET - Remote: http://localhost:4200, path: /api/user
[2023-05-03T21:12:11.855] [FATAL] POST - Remote: http://localhost:4200, path: /api/auth/register
[2023-05-03T21:12:49.248] [FATAL] GET - Remote: http://localhost:4200, path: /api/user
[2023-05-03T21:13:03.016] [FATAL] GET - Remote: http://localhost:4200, path: /api/user
[2023-05-03T21:13:07.363] [FATAL] GET - Remote: http://localhost:4200, path: /api/user
[2023-05-03T21:13:15.019] [FATAL] GET - Remote: http://localhost:4200, path: /api/user
[2023-05-03T21:16:23.779] [FATAL] GET - Remote: http://localhost:4200, path: /api/user
[2023-05-03T21:16:40.953] [FATAL] GET - Remote: http://localhost:4200, path: /api/user
[2023-05-03T21:21:52.966] [FATAL] GET - Remote: http://localhost:4200, path: /api/user
[2023-05-03T21:22:04.249] [FATAL] POST - Remote: http://localhost:4200, path: /api/auth/login
[2023-05-03T21:22:04.963] [FATAL] GET - Remote: http://localhost:4200, path: /api/user
[2023-05-03T21:22:28.172] [FATAL] GET - Remote: http://localhost:4200, path: /api/user
[2023-05-03T21:24:04.842] [FATAL] GET - Remote: http://localhost:4200, path: /api/user
[2023-05-03T21:24:20.984] [FATAL] GET - Remote: http://localhost:4200, path: /api/user
[2023-05-03T21:24:47.552] [FATAL] GET - Remote: http://localhost:4200, path: /api/user
[2023-05-03T21:26:00.287] [FATAL] GET - Remote: http://localhost:4200, path: /api/user
[2023-05-03T21:26:31.421] [FATAL] GET - Remote: http://localhost:4200, path: /api/user
[2023-05-03T21:28:23.281] [FATAL] GET - Remote: http://localhost:4200, path: /api/user
[2023-05-03T21:28:33.925] [FATAL] POST - Remote: http://localhost:4200, path: /api/auth/login
[2023-05-03T21:28:34.656] [FATAL] GET - Remote: http://localhost:4200, path: /api/user
[2023-05-03T21:34:45.401] [FATAL] GET - Remote: http://localhost:4200, path: /api/user
[2023-05-03T21:35:24.063] [FATAL] GET - Remote: http://localhost:4200, path: /api/user
[2023-05-03T21:35:27.645] [FATAL] GET - Remote: http://localhost:4200, path: /api/user
[2023-05-03T21:35:49.334] [FATAL] GET - Remote: http://localhost:4200, path: /api/user
[2023-05-03T21:35:52.758] [FATAL] GET - Remote: http://localhost:4200, path: /api/user
[2023-05-03T21:36:02.988] [FATAL] POST - Remote: http://localhost:4200, path: /api/user
[2023-05-03T21:36:03.370] [FATAL] GET - Remote: http://localhost:4200, path: /api/user
[2023-05-03T21:36:16.319] [FATAL] GET - Remote: http://localhost:4200, path: /api/user
[2023-05-03T21:37:00.602] [FATAL] GET - Remote: http://localhost:4200, path: /api/user
[2023-05-03T21:37:27.826] [FATAL] GET - Remote: http://localhost:4200, path: /api/user
[2023-05-03T21:37:40.383] [FATAL] GET - Remote: http://localhost:4200, path: /api/user
[2023-05-03T21:38:35.073] [FATAL] GET - Remote: http://localhost:4200, path: /api/user
[2023-05-03T21:38:51.968] [FATAL] GET - Remote: http://localhost:4200, path: /api/user
[2023-05-03T21:39:01.669] [FATAL] GET - Remote: http://localhost:4200, path: /api/user
[2023-05-03T21:39:37.095] [FATAL] GET - Remote: http://localhost:4200, path: /api/user
[2023-05-03T21:40:02.343] [FATAL] GET - Remote: http://localhost:4200, path: /api/user
[2023-05-03T21:40:12.018] [FATAL] GET - Remote: http://localhost:4200, path: /api/user
[2023-05-03T21:40:18.060] [FATAL] GET - Remote: http://localhost:4200, path: /api/user
[2023-05-03T21:42:13.397] [FATAL] GET - Remote: http://localhost:4200, path: /api/user
[2023-05-03T21:42:26.675] [FATAL] GET - Remote: http://localhost:4200, path: /api/user
[2023-05-03T21:42:49.478] [FATAL] GET - Remote: http://localhost:4200, path: /api/user
[2023-05-03T21:43:02.100] [FATAL] GET - Remote: http://localhost:4200, path: /api/user
[2023-05-03T21:43:21.222] [FATAL] GET - Remote: http://localhost:4200, path: /api/user
[2023-05-03T21:43:41.543] [FATAL] GET - Remote: http://localhost:4200, path: /api/user
[2023-05-03T21:43:51.378] [FATAL] GET - Remote: http://localhost:4200, path: /api/user
[2023-05-03T21:44:08.315] [FATAL] GET - Remote: http://localhost:4200, path: /api/user
[2023-05-03T21:52:43.594] [FATAL] POST - Remote: http://localhost:4200, path: /api/auth/login
[2023-05-03T21:52:44.571] [FATAL] GET - Remote: http://localhost:4200, path: /api/user
[2023-05-03T21:54:12.216] [FATAL] GET - Remote: http://localhost:4200, path: /api/user
[2023-05-03T21:54:42.073] [FATAL] GET - Remote: http://localhost:4200, path: /api/user
[2023-05-03T21:57:26.443] [FATAL] GET - Remote: http://localhost:4200, path: /api/user
[2023-05-03T21:58:59.193] [FATAL] GET - Remote: http://localhost:4200, path: /api/user
[2023-05-03T21:59:29.557] [FATAL] GET - Remote: http://localhost:4200, path: /api/user
[2023-05-03T21:59:31.588] [FATAL] GET - Remote: http://localhost:4200, path: /api/user
[2023-05-03T21:59:55.691] [FATAL] GET - Remote: http://localhost:4200, path: /api/user
[2023-05-03T22:00:00.004] [FATAL] GET - Remote: http://localhost:4200, path: /api/user/1
[2023-05-03T22:00:19.727] [FATAL] GET - Remote: http://localhost:4200, path: /api/user
[2023-05-03T22:00:26.387] [FATAL] GET - Remote: http://localhost:4200, path: /api/user/1
[2023-05-03T22:00:30.501] [FATAL] GET - Remote: http://localhost:4200, path: /api/user/1
[2023-05-03T22:00:41.018] [FATAL] GET - Remote: http://localhost:4200, path: /api/user
[2023-05-03T22:00:43.867] [FATAL] GET - Remote: http://localhost:4200, path: /api/user
[2023-05-03T22:00:45.756] [FATAL] GET - Remote: http://localhost:4200, path: /api/user/2
[2023-05-03T22:00:48.437] [FATAL] GET - Remote: http://localhost:4200, path: /api/user/6
[2023-05-03T22:00:57.312] [FATAL] GET - Remote: http://localhost:4200, path: /api/user
[2023-05-03T22:02:16.707] [FATAL] GET - Remote: http://localhost:4200, path: /api/user
[2023-05-03T22:02:19.647] [FATAL] GET - Remote: http://localhost:4200, path: /api/user/1
[2023-05-03T22:02:36.385] [FATAL] GET - Remote: http://localhost:4200, path: /api/user
[2023-05-03T22:02:50.425] [FATAL] GET - Remote: http://localhost:4200, path: /api/user
[2023-05-03T22:02:57.973] [FATAL] GET - Remote: http://localhost:4200, path: /api/user
[2023-05-03T22:03:01.816] [FATAL] GET - Remote: http://localhost:4200, path: /api/user/3
[2023-05-03T22:04:37.612] [FATAL] GET - Remote: http://localhost:4200, path: /api/user
[2023-05-03T22:04:40.590] [FATAL] GET - Remote: http://localhost:4200, path: /api/user/1
[2023-05-03T22:04:59.702] [FATAL] GET - Remote: http://localhost:4200, path: /api/user/3
[2023-05-03T22:05:24.813] [FATAL] GET - Remote: http://localhost:4200, path: /api/user
[2023-05-03T22:05:27.099] [FATAL] GET - Remote: http://localhost:4200, path: /api/user/1
[2023-05-03T22:05:40.389] [FATAL] GET - Remote: http://localhost:4200, path: /api/user
[2023-05-03T22:07:32.684] [FATAL] GET - Remote: http://localhost:4200, path: /api/user
[2023-05-03T22:07:34.062] [FATAL] GET - Remote: http://localhost:4200, path: /api/user/1
[2023-05-03T22:07:38.452] [FATAL] GET - Remote: http://localhost:4200, path: /api/user/4
[2023-05-03T22:11:17.007] [FATAL] GET - Remote: http://localhost:4200, path: /api/user
[2023-05-03T22:12:07.546] [FATAL] GET - Remote: http://localhost:4200, path: /api/user
[2023-05-03T22:12:09.370] [FATAL] GET - Remote: http://localhost:4200, path: /api/user/1
[2023-05-03T22:12:20.480] [FATAL] GET - Remote: http://localhost:4200, path: /api/user
[2023-05-03T22:12:22.102] [FATAL] GET - Remote: http://localhost:4200, path: /api/user/2
[2023-05-03T22:15:11.137] [FATAL] GET - Remote: http://localhost:4200, path: /api/user
[2023-05-03T22:15:12.690] [FATAL] GET - Remote: http://localhost:4200, path: /api/user/1
[2023-05-03T22:15:18.925] [FATAL] GET - Remote: http://localhost:4200, path: /api/user/11
[2023-05-03T22:27:06.722] [FATAL] GET - Remote: http://localhost:4200, path: /api/user
[2023-05-03T22:29:52.621] [FATAL] GET - Remote: http://localhost:4200, path: /api/user
[2023-05-03T22:30:15.115] [FATAL] GET - Remote: http://localhost:4200, path: /api/user
[2023-05-03T22:30:18.744] [FATAL] GET - Remote: http://localhost:4200, path: /api/user/3
[2023-05-03T22:30:24.366] [FATAL] PATCH - Remote: http://localhost:4200, path: /api/user
[2023-05-03T22:30:52.493] [FATAL] PATCH - Remote: http://localhost:4200, path: /api/user
[2023-05-03T22:30:58.479] [FATAL] GET - Remote: http://localhost:4200, path: /api/user
[2023-05-03T22:31:52.425] [FATAL] GET - Remote: http://localhost:4200, path: /api/user
[2023-05-03T22:32:14.907] [FATAL] GET - Remote: http://localhost:4200, path: /api/user
[2023-05-03T22:32:17.656] [FATAL] GET - Remote: http://localhost:4200, path: /api/user/3
[2023-05-03T22:32:20.489] [FATAL] PATCH - Remote: http://localhost:4200, path: /api/user
[2023-05-03T22:32:20.708] [FATAL] GET - Remote: http://localhost:4200, path: /api/user
[2023-05-03T22:33:33.751] [FATAL] POST - Remote: http://localhost:4200, path: /api/auth/login
[2023-05-03T22:33:34.431] [FATAL] GET - Remote: http://localhost:4200, path: /api/user
[2023-05-03T22:33:40.067] [FATAL] GET - Remote: http://localhost:4200, path: /api/user/1
[2023-05-03T22:36:08.116] [FATAL] GET - Remote: http://localhost:4200, path: /api/user
[2023-05-03T22:36:11.439] [FATAL] GET - Remote: http://localhost:4200, path: /api/user
[2023-05-03T22:36:35.091] [FATAL] GET - Remote: http://localhost:4200, path: /api/user
[2023-05-03T22:37:00.630] [FATAL] GET - Remote: http://localhost:4200, path: /api/user
[2023-05-03T22:37:26.738] [FATAL] GET - Remote: http://localhost:4200, path: /api/user
[2023-05-03T22:38:15.668] [FATAL] GET - Remote: http://localhost:4200, path: /api/user/4
[2023-05-03T22:38:18.724] [FATAL] GET - Remote: http://localhost:4200, path: /api/user/2
[2023-05-03T22:43:09.377] [FATAL] GET - Remote: http://localhost:4200, path: /api/user
[2023-05-03T22:43:18.553] [FATAL] GET - Remote: http://localhost:4200, path: /api/user
[2023-05-03T22:43:25.499] [FATAL] GET - Remote: http://localhost:4200, path: /api/user
[2023-05-03T22:43:33.778] [FATAL] GET - Remote: http://localhost:4200, path: /api/user
[2023-05-03T22:43:39.173] [FATAL] GET - Remote: http://localhost:4200, path: /api/user
[2023-05-03T22:43:46.024] [FATAL] GET - Remote: http://localhost:4200, path: /api/user
[2023-05-03T22:44:38.987] [FATAL] GET - Remote: http://localhost:4200, path: /api/user
[2023-05-03T22:44:44.386] [FATAL] GET - Remote: http://localhost:4200, path: /api/user
[2023-05-03T22:44:46.818] [FATAL] GET - Remote: http://localhost:4200, path: /api/user
[2023-05-03T22:44:51.271] [FATAL] GET - Remote: http://localhost:4200, path: /api/user
[2023-05-03T22:44:59.619] [FATAL] GET - Remote: http://localhost:4200, path: /api/user
[2023-05-03T22:45:16.674] [FATAL] GET - Remote: http://localhost:4200, path: /api/user
[2023-05-03T22:45:25.808] [FATAL] GET - Remote: http://localhost:4200, path: /api/user
[2023-05-03T22:45:44.284] [FATAL] GET - Remote: http://localhost:4200, path: /api/user
[2023-05-03T22:45:53.473] [FATAL] GET - Remote: http://localhost:4200, path: /api/user
[2023-05-03T22:46:01.744] [FATAL] GET - Remote: http://localhost:4200, path: /api/user
[2023-05-03T22:48:17.662] [FATAL] GET - Remote: http://localhost:4200, path: /api/user
[2023-05-03T22:48:38.399] [FATAL] GET - Remote: http://localhost:4200, path: /api/user
[2023-05-03T22:49:13.459] [FATAL] GET - Remote: http://localhost:4200, path: /api/user
[2023-05-03T22:49:28.681] [FATAL] GET - Remote: http://localhost:4200, path: /api/user
[2023-05-03T22:49:33.095] [FATAL] GET - Remote: http://localhost:4200, path: /api/user
[2023-05-03T22:49:39.901] [FATAL] GET - Remote: http://localhost:4200, path: /api/user
[2023-05-03T22:49:55.523] [FATAL] GET - Remote: http://localhost:4200, path: /api/user
[2023-05-03T22:51:30.480] [FATAL] GET - Remote: http://localhost:4200, path: /api/user
[2023-05-03T22:51:55.299] [FATAL] GET - Remote: http://localhost:4200, path: /api/user
[2023-05-03T22:52:46.085] [FATAL] GET - Remote: http://localhost:4200, path: /api/user
[2023-05-03T22:53:32.253] [FATAL] GET - Remote: http://localhost:4200, path: /api/user
[2023-05-03T22:53:47.200] [FATAL] GET - Remote: http://localhost:4200, path: /api/user
[2023-05-03T22:55:47.072] [FATAL] GET - Remote: http://localhost:4200, path: /api/user
[2023-05-03T22:56:13.334] [FATAL] GET - Remote: http://localhost:4200, path: /api/user
[2023-05-03T22:57:15.693] [FATAL] GET - Remote: http://localhost:4200, path: /api/user
[2023-05-03T22:57:39.308] [FATAL] GET - Remote: http://localhost:4200, path: /api/user
[2023-05-03T22:58:00.463] [FATAL] GET - Remote: http://localhost:4200, path: /api/user
[2023-05-03T22:58:35.865] [FATAL] GET - Remote: http://localhost:4200, path: /api/user
[2023-05-03T22:59:15.715] [FATAL] GET - Remote: http://localhost:4200, path: /api/user
[2023-05-03T22:59:57.086] [FATAL] GET - Remote: http://localhost:4200, path: /api/user
[2023-05-03T23:00:06.396] [FATAL] GET - Remote: http://localhost:4200, path: /api/user
[2023-05-03T23:01:10.849] [FATAL] GET - Remote: http://localhost:4200, path: /api/user
[2023-05-03T23:01:13.408] [FATAL] GET - Remote: http://localhost:4200, path: /api/user
[2023-05-03T23:03:31.200] [FATAL] GET - Remote: http://localhost:4200, path: /api/user
[2023-05-03T23:04:14.739] [FATAL] GET - Remote: http://localhost:4200, path: /api/user
[2023-05-03T23:04:20.983] [FATAL] GET - Remote: http://localhost:4200, path: /api/user
[2023-05-03T23:04:27.380] [FATAL] GET - Remote: http://localhost:4200, path: /api/user/1
[2023-05-03T23:04:45.173] [FATAL] GET - Remote: http://localhost:4200, path: /api/user/2
[2023-05-03T23:04:47.369] [FATAL] GET - Remote: http://localhost:4200, path: /api/user/4
[2023-05-03T23:04:50.452] [FATAL] GET - Remote: http://localhost:4200, path: /api/user/4
[2023-05-03T23:04:53.552] [FATAL] PATCH - Remote: http://localhost:4200, path: /api/user
[2023-05-03T23:04:53.744] [FATAL] GET - Remote: http://localhost:4200, path: /api/user
[2023-05-03T23:08:29.699] [FATAL] GET - Remote: http://localhost:4200, path: /api/user
[2023-05-03T23:10:12.700] [FATAL] GET - Remote: http://localhost:4200, path: /api/user
[2023-05-03T23:10:49.079] [FATAL] GET - Remote: http://localhost:4200, path: /api/user
[2023-05-03T23:11:40.170] [FATAL] GET - Remote: http://localhost:4200, path: /api/user
[2023-05-03T23:11:50.884] [FATAL] GET - Remote: http://localhost:4200, path: /api/user
[2023-05-03T23:12:07.973] [FATAL] GET - Remote: http://localhost:4200, path: /api/user
[2023-05-03T23:12:24.558] [FATAL] GET - Remote: http://localhost:4200, path: /api/user
[2023-05-03T23:12:36.895] [FATAL] GET - Remote: http://localhost:4200, path: /api/user
[2023-05-03T23:12:48.572] [FATAL] GET - Remote: http://localhost:4200, path: /api/user
[2023-05-03T23:12:58.635] [FATAL] GET - Remote: http://localhost:4200, path: /api/user
[2023-05-03T23:13:44.468] [FATAL] GET - Remote: http://localhost:4200, path: /api/user
[2023-05-03T23:13:46.117] [FATAL] GET - Remote: http://localhost:4200, path: /api/user
[2023-05-03T23:14:29.588] [FATAL] GET - Remote: http://localhost:4200, path: /api/user
[2023-05-03T23:14:38.071] [FATAL] GET - Remote: http://localhost:4200, path: /api/user
[2023-05-03T23:14:41.502] [FATAL] GET - Remote: http://localhost:4200, path: /api/user
[2023-05-03T23:14:44.017] [FATAL] GET - Remote: http://localhost:4200, path: /api/user
[2023-05-03T23:14:59.104] [FATAL] GET - Remote: http://localhost:4200, path: /api/user
[2023-05-03T23:15:21.324] [FATAL] GET - Remote: http://localhost:4200, path: /api/user
[2023-05-03T23:19:19.772] [FATAL] GET - Remote: http://localhost:4200, path: /api/user
[2023-05-03T23:19:23.762] [FATAL] GET - Remote: http://localhost:4200, path: /api/user
[2023-05-03T23:21:33.423] [FATAL] GET - Remote: http://localhost:4200, path: /api/user
[2023-05-03T23:21:37.221] [FATAL] DELETE - Remote: http://localhost:4200, path: /api/user/4
[2023-05-03T23:21:37.442] [FATAL] GET - Remote: http://localhost:4200, path: /api/user
[2023-05-03T23:21:40.887] [FATAL] DELETE - Remote: http://localhost:4200, path: /api/user/7
[2023-05-03T23:21:41.058] [FATAL] GET - Remote: http://localhost:4200, path: /api/user
[2023-05-03T23:22:53.155] [FATAL] GET - Remote: http://localhost:4200, path: /api/user
[2023-05-03T23:23:03.559] [FATAL] GET - Remote: http://localhost:4200, path: /api/user
[2023-05-03T23:23:10.815] [FATAL] GET - Remote: http://localhost:4200, path: /api/user
[2023-05-03T23:23:39.298] [FATAL] GET - Remote: http://localhost:4200, path: /api/user
[2023-05-03T23:23:45.430] [FATAL] GET - Remote: http://localhost:4200, path: /api/user
[2023-05-03T23:23:49.467] [FATAL] DELETE - Remote: http://localhost:4200, path: /api/user/5
[2023-05-03T23:23:49.629] [FATAL] GET - Remote: http://localhost:4200, path: /api/user
[2023-05-03T23:23:55.277] [FATAL] DELETE - Remote: http://localhost:4200, path: /api/user/10
[2023-05-03T23:23:55.445] [FATAL] GET - Remote: http://localhost:4200, path: /api/user
[2023-05-03T23:39:17.248] [FATAL] GET - Remote: http://localhost:4200, path: /api/user
[2023-05-03T23:39:29.311] [FATAL] GET - Remote: http://localhost:4200, path: /api/user
[2023-05-03T23:39:49.525] [FATAL] GET - Remote: http://localhost:4200, path: /api/user
[2023-05-03T23:40:11.050] [FATAL] GET - Remote: http://localhost:4200, path: /api/user
[2023-05-03T23:40:55.417] [FATAL] GET - Remote: http://localhost:4200, path: /api/user
[2023-05-03T23:41:02.536] [FATAL] GET - Remote: http://localhost:4200, path: /api/user
[2023-05-03T23:41:08.324] [FATAL] GET - Remote: http://localhost:4200, path: /api/user
[2023-05-03T23:41:12.208] [FATAL] GET - Remote: http://localhost:4200, path: /api/user
[2023-05-03T23:44:34.027] [FATAL] GET - Remote: http://localhost:4200, path: /api/user
[2023-05-03T23:45:18.930] [FATAL] GET - Remote: http://localhost:4200, path: /api/user
[2023-05-03T23:45:18.953] [FATAL] GET - Remote: http://localhost:4200, path: /api/info
[2023-05-03T23:45:28.161] [FATAL] GET - Remote: http://localhost:4200, path: /api/user
[2023-05-03T23:45:28.168] [FATAL] GET - Remote: http://localhost:4200, path: /api/info
[2023-05-03T23:45:48.037] [FATAL] GET - Remote: http://localhost:4200, path: /api/user
[2023-05-03T23:45:48.051] [FATAL] GET - Remote: http://localhost:4200, path: /api/info
[2023-05-03T23:46:01.973] [FATAL] GET - Remote: http://localhost:4200, path: /api/user
[2023-05-03T23:46:01.992] [FATAL] GET - Remote: http://localhost:4200, path: /api/info
[2023-05-03T23:46:19.682] [FATAL] GET - Remote: http://localhost:4200, path: /api/user
[2023-05-03T23:46:19.712] [FATAL] GET - Remote: http://localhost:4200, path: /api/user/info
[2023-05-03T23:46:52.084] [FATAL] GET - Remote: http://localhost:4200, path: /api/user
[2023-05-03T23:46:52.105] [FATAL] GET - Remote: http://localhost:4200, path: /api/user/info
[2023-05-03T23:47:13.554] [FATAL] GET - Remote: http://localhost:4200, path: /api/user
[2023-05-03T23:47:13.561] [FATAL] GET - Remote: http://localhost:4200, path: /api/user/info
[2023-05-03T23:47:17.808] [FATAL] GET - Remote: http://localhost:4200, path: /api/user
[2023-05-03T23:47:17.819] [FATAL] GET - Remote: http://localhost:4200, path: /api/user/info
[2023-05-03T23:48:04.800] [FATAL] GET - Remote: http://localhost:4200, path: /api/user
[2023-05-03T23:48:04.838] [FATAL] GET - Remote: http://localhost:4200, path: /api/user/info
[2023-05-03T23:50:53.100] [FATAL] GET - Remote: http://localhost:4200, path: /api/user
[2023-05-03T23:50:53.157] [FATAL] GET - Remote: http://localhost:4200, path: /api/user/info
[2023-05-03T23:51:35.053] [FATAL] GET - Remote: http://localhost:4200, path: /api/user
[2023-05-03T23:51:35.069] [FATAL] GET - Remote: http://localhost:4200, path: /api/user/info
[2023-05-03T23:51:40.346] [FATAL] GET - Remote: http://localhost:4200, path: /api/user
[2023-05-03T23:51:40.371] [FATAL] GET - Remote: http://localhost:4200, path: /api/user/info
[2023-05-03T23:52:12.192] [FATAL] GET - Remote: http://localhost:4200, path: /api/user
[2023-05-03T23:52:12.196] [FATAL] GET - Remote: http://localhost:4200, path: /api/user/info
[2023-05-03T23:54:03.503] [FATAL] GET - Remote: http://localhost:4200, path: /api/user
[2023-05-03T23:54:03.592] [FATAL] GET - Remote: http://localhost:4200, path: /api/user/info/pagi
[2023-05-03T23:54:26.188] [FATAL] GET - Remote: http://localhost:4200, path: /api/user
[2023-05-03T23:54:26.290] [FATAL] GET - Remote: http://localhost:4200, path: /api/user/info/pagi
[2023-05-03T23:54:58.944] [FATAL] GET - Remote: http://localhost:4200, path: /api/user
[2023-05-03T23:54:58.969] [FATAL] GET - Remote: http://localhost:4200, path: /api/user/info/pagi
[2023-05-03T23:57:22.956] [FATAL] GET - Remote: http://localhost:4200, path: /api/user
[2023-05-03T23:57:23.012] [FATAL] GET - Remote: http://localhost:4200, path: /api/user/info/pagi
[2023-05-03T23:58:07.433] [FATAL] GET - Remote: http://localhost:4200, path: /api/user&low=0&high=10
[2023-05-03T23:58:07.484] [FATAL] GET - Remote: http://localhost:4200, path: /api/user/info/pagi
[2023-05-03T23:58:40.858] [FATAL] GET - Remote: http://localhost:4200, path: /api/user&low=0&high=10
[2023-05-03T23:58:40.875] [FATAL] GET - Remote: http://localhost:4200, path: /api/user/info/pagi
[2023-05-03T23:58:48.618] [FATAL] GET - Remote: undefined, path: /api/user&low=0&high=10
[2023-05-03T23:59:10.301] [FATAL] GET - Remote: http://localhost:4200, path: /api/user?low=0&high=10
[2023-05-03T23:59:10.368] [FATAL] GET - Remote: http://localhost:4200, path: /api/user/info/pagi
[2023-05-04T00:07:27.282] [FATAL] GET - Remote: http://localhost:4200, path: /api/user?low=0&high=10
[2023-05-04T00:07:27.295] [FATAL] GET - Remote: http://localhost:4200, path: /api/user/info/pagi
[2023-05-04T00:07:38.414] [FATAL] POST - Remote: http://localhost:4200, path: /api/user
[2023-05-04T00:07:38.844] [FATAL] GET - Remote: http://localhost:4200, path: /api/user?low=0&high=10
[2023-05-04T00:07:47.509] [FATAL] POST - Remote: http://localhost:4200, path: /api/user
[2023-05-04T00:07:47.854] [FATAL] GET - Remote: http://localhost:4200, path: /api/user?low=0&high=10
[2023-05-04T00:07:52.511] [FATAL] GET - Remote: http://localhost:4200, path: /api/user?low=0&high=10
[2023-05-04T00:07:52.513] [FATAL] GET - Remote: http://localhost:4200, path: /api/user/info/pagi
[2023-05-04T00:21:27.261] [FATAL] GET - Remote: http://localhost:4200, path: /api/user?low=0&high=10
[2023-05-04T00:21:27.333] [FATAL] GET - Remote: http://localhost:4200, path: /api/user/info/pagi
[2023-05-04T00:22:33.698] [FATAL] GET - Remote: http://localhost:4200, path: /api/user?low=0&high=10
[2023-05-04T00:22:33.780] [FATAL] GET - Remote: http://localhost:4200, path: /api/user/info/pagi
[2023-05-04T00:22:52.655] [FATAL] GET - Remote: http://localhost:4200, path: /api/user?low=0&high=10
[2023-05-04T00:22:52.672] [FATAL] GET - Remote: http://localhost:4200, path: /api/user/info/pagi
[2023-05-04T00:24:17.324] [FATAL] GET - Remote: http://localhost:4200, path: /api/user?low=0&high=10
[2023-05-04T00:24:17.405] [FATAL] GET - Remote: http://localhost:4200, path: /api/user/info/pagi
[2023-05-04T00:24:56.732] [FATAL] GET - Remote: http://localhost:4200, path: /api/user?low=0&high=10
[2023-05-04T00:24:56.869] [FATAL] GET - Remote: http://localhost:4200, path: /api/user/info/pagi
[2023-05-04T00:25:13.904] [FATAL] POST - Remote: http://localhost:4200, path: /api/user
[2023-05-04T00:25:14.258] [FATAL] GET - Remote: http://localhost:4200, path: /api/user?low=0&high=10
[2023-05-04T00:25:18.212] [FATAL] GET - Remote: http://localhost:4200, path: /api/user?low=0&high=10
[2023-05-04T00:25:18.239] [FATAL] GET - Remote: http://localhost:4200, path: /api/user/info/pagi
[2023-05-04T00:26:05.867] [FATAL] GET - Remote: http://localhost:4200, path: /api/user?low=0&high=10
[2023-05-04T00:26:05.875] [FATAL] GET - Remote: http://localhost:4200, path: /api/user/info/pagi
[2023-05-04T00:26:45.909] [FATAL] POST - Remote: http://localhost:4200, path: /api/user
[2023-05-04T00:26:46.269] [FATAL] GET - Remote: http://localhost:4200, path: /api/user?low=0&high=10
[2023-05-04T00:26:56.135] [FATAL] GET - Remote: http://localhost:4200, path: /api/user?low=0&high=10
[2023-05-04T00:26:56.209] [FATAL] GET - Remote: http://localhost:4200, path: /api/user/info/pagi
[2023-05-04T00:27:00.046] [FATAL] POST - Remote: http://localhost:4200, path: /api/user
[2023-05-04T00:27:09.887] [FATAL] POST - Remote: http://localhost:4200, path: /api/user
[2023-05-04T00:27:10.224] [FATAL] GET - Remote: http://localhost:4200, path: /api/user?low=0&high=10
[2023-05-04T00:28:11.868] [FATAL] GET - Remote: http://localhost:4200, path: /api/user/info/pagi
[2023-05-04T00:28:11.883] [FATAL] GET - Remote: http://localhost:4200, path: /api/user?low=0&high=10
[2023-05-04T00:28:25.428] [FATAL] GET - Remote: http://localhost:4200, path: /api/user?low=0&high=10
[2023-05-04T00:28:25.435] [FATAL] GET - Remote: http://localhost:4200, path: /api/user/info/pagi
[2023-05-04T00:29:29.266] [FATAL] GET - Remote: http://localhost:4200, path: /api/user?low=0&high=10
[2023-05-04T00:29:29.295] [FATAL] GET - Remote: http://localhost:4200, path: /api/user/info/pagi
[2023-05-04T00:29:36.362] [FATAL] GET - Remote: http://localhost:4200, path: /api/user?low=0&high=10
[2023-05-04T00:29:36.366] [FATAL] GET - Remote: http://localhost:4200, path: /api/user/info/pagi
[2023-05-04T00:29:38.094] [FATAL] GET - Remote: http://localhost:4200, path: /api/user?low=10&high=20
[2023-05-04T00:29:40.122] [FATAL] GET - Remote: http://localhost:4200, path: /api/user?low=0&high=10
[2023-05-04T00:29:42.288] [FATAL] GET - Remote: http://localhost:4200, path: /api/user?low=10&high=20
[2023-05-04T00:29:43.965] [FATAL] GET - Remote: http://localhost:4200, path: /api/user?low=0&high=10
[2023-05-04T00:29:45.998] [FATAL] GET - Remote: http://localhost:4200, path: /api/user?low=10&high=20
[2023-05-04T00:29:47.657] [FATAL] GET - Remote: http://localhost:4200, path: /api/user?low=0&high=10
[2023-05-04T00:29:49.965] [FATAL] GET - Remote: http://localhost:4200, path: /api/user?low=10&high=20
[2023-05-04T00:29:58.882] [FATAL] GET - Remote: http://localhost:4200, path: /api/user?low=0&high=10
[2023-05-04T00:30:02.019] [FATAL] GET - Remote: http://localhost:4200, path: /api/user?low=10&high=20
[2023-05-04T00:30:09.635] [FATAL] GET - Remote: http://localhost:4200, path: /api/user?low=0&high=10
[2023-05-04T00:30:46.770] [FATAL] GET - Remote: http://localhost:4200, path: /api/user?low=0&high=10
[2023-05-04T00:30:46.773] [FATAL] GET - Remote: http://localhost:4200, path: /api/user/info/pagi
[2023-05-04T00:31:01.116] [FATAL] GET - Remote: http://localhost:4200, path: /api/user?low=0&high=10
[2023-05-04T00:31:01.120] [FATAL] GET - Remote: http://localhost:4200, path: /api/user/info/pagi
[2023-05-04T00:31:07.260] [FATAL] GET - Remote: http://localhost:4200, path: /api/user?low=0&high=10
[2023-05-04T00:31:09.374] [FATAL] GET - Remote: http://localhost:4200, path: /api/user?low=10&high=20
[2023-05-04T00:31:10.600] [FATAL] GET - Remote: http://localhost:4200, path: /api/user?low=10&high=20
[2023-05-04T00:31:13.190] [FATAL] GET - Remote: http://localhost:4200, path: /api/user?low=0&high=10
[2023-05-04T00:31:28.400] [FATAL] GET - Remote: http://localhost:4200, path: /api/user/13
[2023-05-04T00:31:30.959] [FATAL] PATCH - Remote: http://localhost:4200, path: /api/user
[2023-05-04T00:31:31.162] [FATAL] GET - Remote: http://localhost:4200, path: /api/user?low=0&high=10
[2023-05-04T00:34:32.360] [FATAL] GET - Remote: http://localhost:4200, path: /api/user?low=0&high=10
[2023-05-04T00:34:32.362] [FATAL] GET - Remote: http://localhost:4200, path: /api/user/info/pagi
[2023-05-04T00:39:56.703] [FATAL] GET - Remote: http://localhost:4200, path: /api/user?low=0&high=10
[2023-05-04T00:39:56.733] [FATAL] GET - Remote: http://localhost:4200, path: /api/user/info/pagi
[2023-05-04T00:40:03.241] [FATAL] GET - Remote: http://localhost:4200, path: /api/user?low=0&high=10
[2023-05-04T00:40:03.242] [FATAL] GET - Remote: http://localhost:4200, path: /api/user/info/pagi
[2023-05-04T00:40:07.563] [FATAL] GET - Remote: http://localhost:4200, path: /api/user?low=0&high=10
[2023-05-04T00:40:07.578] [FATAL] GET - Remote: http://localhost:4200, path: /api/user/info/pagi
[2023-05-04T00:41:15.555] [FATAL] GET - Remote: http://localhost:4200, path: /api/user?low=0&high=10
[2023-05-04T00:41:15.564] [FATAL] GET - Remote: http://localhost:4200, path: /api/user/info/pagi
[2023-05-04T00:41:21.998] [FATAL] GET - Remote: http://localhost:4200, path: /api/user?low=0&high=10
[2023-05-04T00:41:22.004] [FATAL] GET - Remote: http://localhost:4200, path: /api/user/info/pagi
[2023-05-04T00:41:26.565] [FATAL] GET - Remote: http://localhost:4200, path: /api/user?low=0&high=10
[2023-05-04T00:41:26.576] [FATAL] GET - Remote: http://localhost:4200, path: /api/user/info/pagi
[2023-05-04T00:41:28.802] [FATAL] GET - Remote: http://localhost:4200, path: /api/user?low=0&high=10
[2023-05-04T00:41:28.805] [FATAL] GET - Remote: http://localhost:4200, path: /api/user/info/pagi
[2023-05-04T00:41:31.640] [FATAL] GET - Remote: http://localhost:4200, path: /api/user?low=0&high=10
[2023-05-04T00:41:31.642] [FATAL] GET - Remote: http://localhost:4200, path: /api/user/info/pagi
[2023-05-04T00:42:00.159] [FATAL] GET - Remote: http://localhost:4200, path: /api/user?low=0&high=10
[2023-05-04T00:42:00.163] [FATAL] GET - Remote: http://localhost:4200, path: /api/user/info/pagi
[2023-05-04T00:42:10.010] [FATAL] GET - Remote: http://localhost:4200, path: /api/user?low=0&high=10
[2023-05-04T00:42:10.032] [FATAL] GET - Remote: http://localhost:4200, path: /api/user/info/pagi
[2023-05-04T00:42:17.951] [FATAL] GET - Remote: http://localhost:4200, path: /api/user?low=0&high=10
[2023-05-04T00:42:17.958] [FATAL] GET - Remote: http://localhost:4200, path: /api/user/info/pagi
[2023-05-04T00:42:42.892] [FATAL] GET - Remote: http://localhost:4200, path: /api/user?low=0&high=10
[2023-05-04T00:42:42.894] [FATAL] GET - Remote: http://localhost:4200, path: /api/user/info/pagi
[2023-05-04T00:42:57.924] [FATAL] GET - Remote: http://localhost:4200, path: /api/user?low=0&high=10
[2023-05-04T00:42:57.925] [FATAL] GET - Remote: http://localhost:4200, path: /api/user/info/pagi
[2023-05-04T00:44:35.979] [FATAL] GET - Remote: http://localhost:4200, path: /api/user?low=0&high=10
[2023-05-04T00:44:36.051] [FATAL] GET - Remote: http://localhost:4200, path: /api/user/info/pagi
[2023-05-04T00:44:44.318] [FATAL] GET - Remote: http://localhost:4200, path: /api/user?low=0&high=10
[2023-05-04T00:44:44.323] [FATAL] GET - Remote: http://localhost:4200, path: /api/user/info/pagi
[2023-05-04T00:45:07.344] [FATAL] GET - Remote: http://localhost:4200, path: /api/user?low=0&high=10
[2023-05-04T00:45:07.346] [FATAL] GET - Remote: http://localhost:4200, path: /api/user/info/pagi
[2023-05-04T00:45:32.384] [FATAL] GET - Remote: http://localhost:4200, path: /api/user?low=0&high=10
[2023-05-04T00:45:32.399] [FATAL] GET - Remote: http://localhost:4200, path: /api/user/info/pagi
[2023-05-04T00:45:35.774] [FATAL] GET - Remote: http://localhost:4200, path: /api/user?low=0&high=10
[2023-05-04T00:45:35.780] [FATAL] GET - Remote: http://localhost:4200, path: /api/user/info/pagi
[2023-05-04T00:45:57.602] [FATAL] GET - Remote: http://localhost:4200, path: /api/user?low=0&high=10
[2023-05-04T00:45:57.609] [FATAL] GET - Remote: http://localhost:4200, path: /api/user/info/pagi
[2023-05-04T00:46:03.856] [FATAL] GET - Remote: http://localhost:4200, path: /api/user?low=0&high=10
[2023-05-04T00:46:03.868] [FATAL] GET - Remote: http://localhost:4200, path: /api/user/info/pagi
[2023-05-04T00:46:19.870] [FATAL] GET - Remote: http://localhost:4200, path: /api/user?low=0&high=10
[2023-05-04T00:46:19.883] [FATAL] GET - Remote: http://localhost:4200, path: /api/user/info/pagi
[2023-05-04T00:46:22.644] [FATAL] GET - Remote: http://localhost:4200, path: /api/user?low=0&high=10
[2023-05-04T00:46:22.647] [FATAL] GET - Remote: http://localhost:4200, path: /api/user/info/pagi
[2023-05-04T00:46:38.111] [FATAL] GET - Remote: http://localhost:4200, path: /api/user?low=0&high=10
[2023-05-04T00:46:38.112] [FATAL] GET - Remote: http://localhost:4200, path: /api/user/info/pagi
[2023-05-04T00:46:48.492] [FATAL] GET - Remote: http://localhost:4200, path: /api/user?low=0&high=10
[2023-05-04T00:46:48.499] [FATAL] GET - Remote: http://localhost:4200, path: /api/user/info/pagi
[2023-05-04T00:46:58.950] [FATAL] GET - Remote: http://localhost:4200, path: /api/user?low=0&high=10
[2023-05-04T00:46:58.958] [FATAL] GET - Remote: http://localhost:4200, path: /api/user/info/pagi
[2023-05-04T00:52:19.683] [FATAL] GET - Remote: http://localhost:4200, path: /api/user?low=0&high=10
[2023-05-04T00:52:19.695] [FATAL] GET - Remote: http://localhost:4200, path: /api/user/info/pagi
[2023-05-04T00:52:39.061] [FATAL] GET - Remote: http://localhost:4200, path: /api/user?low=0&high=10
[2023-05-04T00:52:39.078] [FATAL] GET - Remote: http://localhost:4200, path: /api/user/info/pagi
[2023-05-04T00:52:45.231] [FATAL] GET - Remote: http://localhost:4200, path: /api/user?low=0&high=10
[2023-05-04T00:52:45.233] [FATAL] GET - Remote: http://localhost:4200, path: /api/user/info/pagi
[2023-05-04T00:52:53.828] [FATAL] GET - Remote: http://localhost:4200, path: /api/user?low=0&high=10
[2023-05-04T00:52:53.844] [FATAL] GET - Remote: http://localhost:4200, path: /api/user/info/pagi
[2023-05-04T00:53:04.059] [FATAL] GET - Remote: http://localhost:4200, path: /api/user?low=0&high=10
[2023-05-04T00:53:04.077] [FATAL] GET - Remote: http://localhost:4200, path: /api/user/info/pagi
[2023-05-04T00:54:14.870] [FATAL] GET - Remote: http://localhost:4200, path: /api/user?low=0&high=10
[2023-05-04T00:54:14.902] [FATAL] GET - Remote: http://localhost:4200, path: /api/user/info/pagi
[2023-05-04T00:55:16.168] [FATAL] GET - Remote: http://localhost:4200, path: /api/user?low=0&high=10
[2023-05-04T00:55:16.197] [FATAL] GET - Remote: http://localhost:4200, path: /api/user/info/pagi
[2023-05-04T00:55:17.871] [FATAL] GET - Remote: http://localhost:4200, path: /api/user?low=0&high=10
[2023-05-04T00:55:17.873] [FATAL] GET - Remote: http://localhost:4200, path: /api/user/info/pagi
[2023-05-04T00:56:56.274] [FATAL] GET - Remote: http://localhost:4200, path: /api/user?low=0&high=10
[2023-05-04T00:56:56.316] [FATAL] GET - Remote: http://localhost:4200, path: /api/user/info/pagi
[2023-05-04T00:56:59.321] [FATAL] GET - Remote: http://localhost:4200, path: /api/user?low=0&high=10
[2023-05-04T00:56:59.328] [FATAL] GET - Remote: http://localhost:4200, path: /api/user/info/pagi
[2023-05-04T00:57:13.929] [FATAL] GET - Remote: http://localhost:4200, path: /api/user?low=0&high=10
[2023-05-04T00:57:13.938] [FATAL] GET - Remote: http://localhost:4200, path: /api/user/info/pagi
[2023-05-04T00:57:20.939] [FATAL] GET - Remote: http://localhost:4200, path: /api/user?low=0&high=10
[2023-05-04T00:57:20.945] [FATAL] GET - Remote: http://localhost:4200, path: /api/user/info/pagi
[2023-05-04T00:59:48.249] [FATAL] GET - Remote: http://localhost:4200, path: /api/user?low=0&high=10
[2023-05-04T00:59:48.250] [FATAL] GET - Remote: http://localhost:4200, path: /api/user/info/pagi
[2023-05-04T00:59:55.241] [FATAL] GET - Remote: http://localhost:4200, path: /api/user?low=0&high=10
[2023-05-04T00:59:55.249] [FATAL] GET - Remote: http://localhost:4200, path: /api/user/info/pagi
[2023-05-04T01:03:50.073] [FATAL] GET - Remote: http://localhost:4200, path: /api/user?low=10&high=20
[2023-05-04T01:03:54.669] [FATAL] GET - Remote: http://localhost:4200, path: /api/user/1
[2023-05-04T01:03:57.518] [FATAL] PATCH - Remote: http://localhost:4200, path: /api/user
[2023-05-04T01:03:57.690] [FATAL] GET - Remote: http://localhost:4200, path: /api/user?low=10&high=20
[2023-05-04T01:04:09.855] [FATAL] GET - Remote: http://localhost:4200, path: /api/user?low=0&high=10
[2023-05-04T01:04:12.477] [FATAL] GET - Remote: http://localhost:4200, path: /api/user?low=0&high=10
[2023-05-04T01:04:12.500] [FATAL] GET - Remote: http://localhost:4200, path: /api/user/info/pagi
[2023-05-04T01:04:14.853] [FATAL] GET - Remote: http://localhost:4200, path: /api/user?low=0&high=10
[2023-05-04T01:04:14.863] [FATAL] GET - Remote: http://localhost:4200, path: /api/user/info/pagi
[2023-05-04T01:04:44.561] [FATAL] POST - Remote: http://localhost:4200, path: /api/auth/login
[2023-05-04T01:04:51.176] [FATAL] POST - Remote: http://localhost:4200, path: /api/auth/login
[2023-05-04T01:05:21.591] [FATAL] POST - Remote: http://localhost:4200, path: /api/auth/login
[2023-05-04T01:05:32.148] [FATAL] POST - Remote: http://localhost:4200, path: /api/auth/login
[2023-05-04T01:05:47.704] [FATAL] POST - Remote: http://localhost:4200, path: /api/auth/login
[2023-05-04T01:06:02.423] [FATAL] POST - Remote: http://localhost:4200, path: /api/auth/login
[2023-05-04T01:06:10.773] [FATAL] POST - Remote: http://localhost:4200, path: /api/auth/login
[2023-05-04T01:06:29.301] [FATAL] POST - Remote: http://localhost:4200, path: /api/auth/login
[2023-05-04T01:06:29.599] [FATAL] GET - Remote: http://localhost:4200, path: /api/user?low=0&high=10
[2023-05-04T01:06:29.628] [FATAL] GET - Remote: http://localhost:4200, path: /api/user/info/pagi
[2023-05-04T01:06:39.667] [FATAL] GET - Remote: http://localhost:4200, path: /api/user?low=10&high=20
[2023-05-04T01:06:43.081] [FATAL] GET - Remote: http://localhost:4200, path: /api/user?low=0&high=10
[2023-05-04T01:06:46.895] [FATAL] GET - Remote: http://localhost:4200, path: /api/user/15
[2023-05-04T01:06:49.735] [FATAL] PATCH - Remote: http://localhost:4200, path: /api/user
[2023-05-04T01:06:49.909] [FATAL] GET - Remote: http://localhost:4200, path: /api/user?low=0&high=10
[2023-05-04T01:07:01.695] [FATAL] POST - Remote: http://localhost:4200, path: /api/user
[2023-05-04T01:07:02.012] [FATAL] GET - Remote: http://localhost:4200, path: /api/user?low=0&high=10
[2023-05-04T01:07:03.848] [FATAL] GET - Remote: http://localhost:4200, path: /api/user?low=10&high=20
[2023-05-04T01:07:06.288] [FATAL] GET - Remote: http://localhost:4200, path: /api/user/2
[2023-05-04T01:07:08.787] [FATAL] PATCH - Remote: http://localhost:4200, path: /api/user
[2023-05-04T01:07:08.952] [FATAL] GET - Remote: http://localhost:4200, path: /api/user?low=10&high=20
[2023-05-04T01:08:22.167] [FATAL] GET - Remote: http://localhost:4200, path: /api/user?low=10&high=20
[2023-05-04T01:08:23.062] [FATAL] GET - Remote: http://localhost:4200, path: /api/user?low=10&high=20
[2023-05-04T01:08:29.338] [FATAL] GET - Remote: http://localhost:4200, path: /api/user?low=0&high=10
[2023-05-04T01:08:31.085] [FATAL] GET - Remote: http://localhost:4200, path: /api/user?low=0&high=10
[2023-05-04T07:39:32.321] [FATAL] GET - Remote: http://localhost:4200, path: /api/user?low=0&high=10
[2023-05-04T07:39:32.329] [FATAL] GET - Remote: http://localhost:4200, path: /api/user/info/pagi
[2023-05-04T07:40:02.782] [FATAL] GET - Remote: http://localhost:4200, path: /api/user?low=0&high=10
[2023-05-04T07:40:02.822] [FATAL] GET - Remote: http://localhost:4200, path: /api/user/info/pagi
[2023-05-04T07:40:29.618] [FATAL] GET - Remote: http://localhost:4200, path: /api/user?low=0&high=10
[2023-05-04T07:40:29.640] [FATAL] GET - Remote: http://localhost:4200, path: /api/user/info/pagi
[2023-05-04T07:40:50.988] [FATAL] GET - Remote: http://localhost:4200, path: /api/user?low=0&high=10
[2023-05-04T07:40:50.994] [FATAL] GET - Remote: http://localhost:4200, path: /api/user/info/pagi
[2023-05-04T07:40:53.983] [FATAL] GET - Remote: http://localhost:4200, path: /api/user?low=0&high=10
[2023-05-04T07:40:53.987] [FATAL] GET - Remote: http://localhost:4200, path: /api/user/info/pagi
[2023-05-04T07:41:11.851] [FATAL] GET - Remote: http://localhost:4200, path: /api/user?low=0&high=10
[2023-05-04T07:41:11.862] [FATAL] GET - Remote: http://localhost:4200, path: /api/user/info/pagi
[2023-05-04T07:42:21.186] [FATAL] GET - Remote: http://localhost:4200, path: /api/user?low=0&high=10
[2023-05-04T07:42:21.269] [FATAL] GET - Remote: http://localhost:4200, path: /api/user/info/pagi
[2023-05-04T07:42:24.579] [FATAL] GET - Remote: http://localhost:4200, path: /api/user?low=0&high=10
[2023-05-04T07:42:24.611] [FATAL] GET - Remote: http://localhost:4200, path: /api/user/info/pagi
[2023-05-04T07:46:49.802] [FATAL] POST - Remote: http://localhost:4200, path: /api/user
[2023-05-04T07:47:06.218] [FATAL] POST - Remote: http://localhost:4200, path: /api/auth/login
[2023-05-04T07:47:45.352] [FATAL] POST - Remote: http://localhost:4200, path: /api/auth/login
[2023-05-04T07:47:46.305] [FATAL] GET - Remote: http://localhost:4200, path: /api/user?low=0&high=10
[2023-05-04T07:47:46.356] [FATAL] GET - Remote: http://localhost:4200, path: /api/user/info/pagi
[2023-05-04T07:48:03.314] [FATAL] POST - Remote: http://localhost:4200, path: /api/user
[2023-05-04T07:48:03.679] [FATAL] GET - Remote: http://localhost:4200, path: /api/user?low=0&high=10
[2023-05-04T07:49:17.641] [FATAL] GET - Remote: http://localhost:4200, path: /api/user?low=0&high=10
[2023-05-04T07:49:17.671] [FATAL] GET - Remote: http://localhost:4200, path: /api/user/info/pagi
[2023-05-04T07:49:52.939] [FATAL] GET - Remote: http://localhost:4200, path: /api/user?low=0&high=10
[2023-05-04T07:49:52.946] [FATAL] GET - Remote: http://localhost:4200, path: /api/user/info/pagi
[2023-05-04T07:50:00.613] [FATAL] GET - Remote: http://localhost:4200, path: /api/user/2
[2023-05-04T07:50:15.299] [FATAL] GET - Remote: http://localhost:4200, path: /api/user?low=0&high=10
[2023-05-04T07:50:15.314] [FATAL] GET - Remote: http://localhost:4200, path: /api/user/info/pagi
[2023-05-04T07:50:16.900] [FATAL] GET - Remote: http://localhost:4200, path: /api/user/2
[2023-05-04T07:52:12.632] [FATAL] GET - Remote: http://localhost:4200, path: /api/user/2
[2023-05-04T07:52:18.941] [FATAL] GET - Remote: http://localhost:4200, path: /api/user/2
[2023-05-04T07:52:22.169] [FATAL] GET - Remote: http://localhost:4200, path: /api/user?low=0&high=10
[2023-05-04T07:52:22.182] [FATAL] GET - Remote: http://localhost:4200, path: /api/user/info/pagi
[2023-05-04T07:52:39.288] [FATAL] GET - Remote: http://localhost:4200, path: /api/user?low=0&high=10
[2023-05-04T07:52:39.313] [FATAL] GET - Remote: http://localhost:4200, path: /api/user/info/pagi
[2023-05-04T07:52:42.024] [FATAL] GET - Remote: http://localhost:4200, path: /api/user/2
[2023-05-04T07:53:03.420] [FATAL] GET - Remote: http://localhost:4200, path: /api/user?low=0&high=10
[2023-05-04T07:53:03.426] [FATAL] GET - Remote: http://localhost:4200, path: /api/user/info/pagi
[2023-05-04T07:53:05.537] [FATAL] GET - Remote: http://localhost:4200, path: /api/user/2
[2023-05-04T07:53:49.458] [FATAL] GET - Remote: http://localhost:4200, path: /api/user?low=0&high=10
[2023-05-04T07:53:49.479] [FATAL] GET - Remote: http://localhost:4200, path: /api/user/info/pagi
[2023-05-04T07:53:51.785] [FATAL] GET - Remote: http://localhost:4200, path: /api/user/2
[2023-05-04T07:54:48.790] [FATAL] GET - Remote: http://localhost:4200, path: /api/user?low=0&high=10
[2023-05-04T07:54:48.798] [FATAL] GET - Remote: http://localhost:4200, path: /api/user/info/pagi
[2023-05-04T07:54:50.392] [FATAL] GET - Remote: http://localhost:4200, path: /api/user/2
[2023-05-04T07:55:09.950] [FATAL] GET - Remote: http://localhost:4200, path: /api/user?low=0&high=10
[2023-05-04T07:55:09.953] [FATAL] GET - Remote: http://localhost:4200, path: /api/user/info/pagi
[2023-05-04T07:55:23.412] [FATAL] GET - Remote: http://localhost:4200, path: /api/user?low=0&high=10
[2023-05-04T07:55:23.416] [FATAL] GET - Remote: http://localhost:4200, path: /api/user/info/pagi
[2023-05-04T07:55:25.105] [FATAL] GET - Remote: http://localhost:4200, path: /api/user/2
[2023-05-04T07:55:35.476] [FATAL] GET - Remote: http://localhost:4200, path: /api/user?low=0&high=10
[2023-05-04T07:56:01.782] [FATAL] GET - Remote: http://localhost:4200, path: /api/user?low=0&high=10
[2023-05-04T07:56:01.796] [FATAL] GET - Remote: http://localhost:4200, path: /api/user/info/pagi
[2023-05-04T07:56:34.184] [FATAL] GET - Remote: http://localhost:4200, path: /api/user?low=0&high=10
[2023-05-04T07:56:34.185] [FATAL] GET - Remote: http://localhost:4200, path: /api/user/info/pagi
[2023-05-04T07:56:37.235] [FATAL] GET - Remote: http://localhost:4200, path: /api/user?low=0&high=10
[2023-05-04T07:56:37.237] [FATAL] GET - Remote: http://localhost:4200, path: /api/user/info/pagi
[2023-05-04T07:58:14.086] [FATAL] GET - Remote: http://localhost:4200, path: /api/user?low=0&high=10
[2023-05-04T07:58:14.095] [FATAL] GET - Remote: http://localhost:4200, path: /api/user/info/pagi
[2023-05-04T07:59:12.870] [FATAL] GET - Remote: http://localhost:4200, path: /api/user?low=0&high=10
[2023-05-04T07:59:12.872] [FATAL] GET - Remote: http://localhost:4200, path: /api/user/info/pagi
[2023-05-04T07:59:16.787] [FATAL] GET - Remote: http://localhost:4200, path: /api/user?low=0&high=10
[2023-05-04T07:59:16.793] [FATAL] GET - Remote: http://localhost:4200, path: /api/user/info/pagi
[2023-05-04T08:00:53.178] [FATAL] GET - Remote: http://localhost:4200, path: /api/user?low=0&high=10
[2023-05-04T08:00:53.280] [FATAL] GET - Remote: http://localhost:4200, path: /api/user/info/pagi
[2023-05-04T08:01:06.711] [FATAL] GET - Remote: http://localhost:4200, path: /api/user?low=0&high=10
[2023-05-04T08:01:06.775] [FATAL] GET - Remote: http://localhost:4200, path: /api/user/info/pagi
[2023-05-04T08:01:14.326] [FATAL] GET - Remote: http://localhost:4200, path: /api/user?low=0&high=10
[2023-05-04T08:01:14.417] [FATAL] GET - Remote: http://localhost:4200, path: /api/user/info/pagi
[2023-05-04T08:02:40.514] [FATAL] GET - Remote: http://localhost:4200, path: /api/user?low=0&high=10
[2023-05-04T08:02:40.521] [FATAL] GET - Remote: http://localhost:4200, path: /api/user/info/pagi
[2023-05-04T08:03:01.492] [FATAL] GET - Remote: http://localhost:4200, path: /api/user?low=0&high=10
[2023-05-04T08:03:01.495] [FATAL] GET - Remote: http://localhost:4200, path: /api/user/info/pagi
[2023-05-04T08:03:38.020] [FATAL] GET - Remote: http://localhost:4200, path: /api/user/2
[2023-05-04T08:04:20.755] [FATAL] GET - Remote: http://localhost:4200, path: /api/user?low=0&high=10
[2023-05-04T08:04:20.780] [FATAL] GET - Remote: http://localhost:4200, path: /api/user/info/pagi
                                                                                                                                                                                                                                                                                                                                                                                                                                                                         [2023-05-04T08:08:49.128] [FATAL] POST - Remote: http://localhost:4200, path: /api/auth/login
[2023-05-04T08:08:49.900] [FATAL] GET - Remote: http://localhost:4200, path: /api/user?low=0&high=10
[2023-05-04T08:08:49.903] [FATAL] GET - Remote: http://localhost:4200, path: /api/user/info/pagi
[2023-05-04T08:08:54.537] [FATAL] GET - Remote: http://localhost:4200, path: /api/user/2
[2023-05-04T08:08:59.538] [FATAL] PATCH - Remote: http://localhost:4200, path: /api/user
[2023-05-04T08:08:59.711] [FATAL] GET - Remote: http://localhost:4200, path: /api/user?low=0&high=10
[2023-05-04T08:09:07.697] [FATAL] GET - Remote: http://localhost:4200, path: /api/user/2
[2023-05-04T08:09:11.161] [FATAL] PATCH - Remote: http://localhost:4200, path: /api/user
[2023-05-04T08:09:11.316] [FATAL] GET - Remote: http://localhost:4200, path: /api/user?low=0&high=10
[2023-05-04T08:09:47.288] [FATAL] GET - Remote: http://localhost:4200, path: /api/user?low=0&high=10
[2023-05-04T08:09:47.340] [FATAL] GET - Remote: http://localhost:4200, path: /api/user/info/pagi
[2023-05-04T08:09:50.930] [FATAL] GET - Remote: http://localhost:4200, path: /api/user/2
[2023-05-04T08:09:58.556] [FATAL] PATCH - Remote: http://localhost:4200, path: /api/user
[2023-05-04T08:09:58.882] [FATAL] GET - Remote: http://localhost:4200, path: /api/user?low=0&high=10
[2023-05-04T08:13:23.203] [FATAL] GET - Remote: http://localhost:4200, path: /api/user?low=0&high=10
[2023-05-04T08:13:23.223] [FATAL] GET - Remote: http://localhost:4200, path: /api/user/info/pagi
[2023-05-04T08:17:00.525] [FATAL] GET - Remote: http://localhost:4200, path: /api/user?low=0&high=10
[2023-05-04T08:17:00.544] [FATAL] GET - Remote: http://localhost:4200, path: /api/user/info/pagi
[2023-05-04T08:19:08.948] [FATAL] GET - Remote: http://localhost:4200, path: /api/user?low=0&high=10
[2023-05-04T08:19:08.950] [FATAL] GET - Remote: http://localhost:4200, path: /api/user/info/pagi
[2023-05-04T08:19:31.932] [FATAL] GET - Remote: http://localhost:4200, path: /api/user?low=0&high=10
[2023-05-04T08:19:31.934] [FATAL] GET - Remote: http://localhost:4200, path: /api/user/info/pagi
[2023-05-04T08:20:10.756] [FATAL] GET - Remote: http://localhost:4200, path: /api/user?low=0&high=10
[2023-05-04T08:20:10.763] [FATAL] GET - Remote: http://localhost:4200, path: /api/user/info/pagi
[2023-05-04T08:22:41.043] [FATAL] GET - Remote: http://localhost:4200, path: /api/user?low=0&high=10
[2023-05-04T08:22:41.055] [FATAL] GET - Remote: http://localhost:4200, path: /api/user/info/pagi
[2023-05-04T08:23:09.246] [FATAL] GET - Remote: http://localhost:4200, path: /api/user?low=0&high=10
[2023-05-04T08:23:09.248] [FATAL] GET - Remote: http://localhost:4200, path: /api/user/info/pagi
[2023-05-04T08:23:24.221] [FATAL] GET - Remote: http://localhost:4200, path: /api/user?low=0&high=10
[2023-05-04T08:23:24.230] [FATAL] GET - Remote: http://localhost:4200, path: /api/user/info/pagi
[2023-05-04T08:23:43.232] [FATAL] GET - Remote: http://localhost:4200, path: /api/user?low=0&high=10
[2023-05-04T08:23:43.233] [FATAL] GET - Remote: http://localhost:4200, path: /api/user/info/pagi
[2023-05-04T08:23:58.520] [FATAL] GET - Remote: http://localhost:4200, path: /api/user?low=0&high=10
[2023-05-04T08:23:58.523] [FATAL] GET - Remote: http://localhost:4200, path: /api/user/info/pagi
[2023-05-04T08:24:12.675] [FATAL] GET - Remote: http://localhost:4200, path: /api/user?low=0&high=10
[2023-05-04T08:24:12.681] [FATAL] GET - Remote: http://localhost:4200, path: /api/user/info/pagi
[2023-05-04T08:24:40.215] [FATAL] GET - Remote: http://localhost:4200, path: /api/user?low=0&high=10
[2023-05-04T08:24:40.217] [FATAL] GET - Remote: http://localhost:4200, path: /api/user/info/pagi
[2023-05-04T08:24:56.783] [FATAL] GET - Remote: http://localhost:4200, path: /api/user?low=0&high=10
[2023-05-04T08:24:56.791] [FATAL] GET - Remote: http://localhost:4200, path: /api/user/info/pagi
[2023-05-04T08:25:06.141] [FATAL] GET - Remote: http://localhost:4200, path: /api/user?low=0&high=10
[2023-05-04T08:25:06.145] [FATAL] GET - Remote: http://localhost:4200, path: /api/user/info/pagi
[2023-05-04T08:25:26.701] [FATAL] GET - Remote: http://localhost:4200, path: /api/user?low=0&high=10
[2023-05-04T08:25:26.703] [FATAL] GET - Remote: http://localhost:4200, path: /api/user/info/pagi
[2023-05-04T08:25:40.915] [FATAL] GET - Remote: http://localhost:4200, path: /api/user?low=0&high=10
[2023-05-04T08:25:40.916] [FATAL] GET - Remote: http://localhost:4200, path: /api/user/info/pagi
[2023-05-04T08:26:15.193] [FATAL] GET - Remote: http://localhost:4200, path: /api/user?low=0&high=10
[2023-05-04T08:26:15.200] [FATAL] GET - Remote: http://localhost:4200, path: /api/user/info/pagi
[2023-05-04T08:26:50.450] [FATAL] GET - Remote: http://localhost:4200, path: /api/user?low=0&high=10
[2023-05-04T08:26:50.452] [FATAL] GET - Remote: http://localhost:4200, path: /api/user/info/pagi
[2023-05-04T08:26:58.092] [FATAL] GET - Remote: http://localhost:4200, path: /api/user?low=0&high=10
[2023-05-04T08:26:58.093] [FATAL] GET - Remote: http://localhost:4200, path: /api/user/info/pagi
[2023-05-04T08:27:00.747] [FATAL] GET - Remote: http://localhost:4200, path: /api/user?low=0&high=10
[2023-05-04T08:27:00.755] [FATAL] GET - Remote: http://localhost:4200, path: /api/user/info/pagi
[2023-05-04T08:27:20.753] [FATAL] GET - Remote: http://localhost:4200, path: /api/user?low=0&high=10
[2023-05-04T08:27:20.760] [FATAL] GET - Remote: http://localhost:4200, path: /api/user/info/pagi
[2023-05-04T08:27:24.041] [FATAL] GET - Remote: http://localhost:4200, path: /api/user?low=0&high=10
[2023-05-04T08:27:24.044] [FATAL] GET - Remote: http://localhost:4200, path: /api/user/info/pagi
[2023-05-04T08:27:45.840] [FATAL] GET - Remote: http://localhost:4200, path: /api/user?low=0&high=10
[2023-05-04T08:27:45.842] [FATAL] GET - Remote: http://localhost:4200, path: /api/user/info/pagi
[2023-05-04T08:28:03.636] [FATAL] GET - Remote: http://localhost:4200, path: /api/user?low=0&high=10
[2023-05-04T08:28:03.641] [FATAL] GET - Remote: http://localhost:4200, path: /api/user/info/pagi
[2023-05-04T08:28:14.829] [FATAL] GET - Remote: http://localhost:4200, path: /api/user?low=0&high=10
[2023-05-04T08:28:14.834] [FATAL] GET - Remote: http://localhost:4200, path: /api/user/info/pagi
[2023-05-04T08:28:31.947] [FATAL] GET - Remote: http://localhost:4200, path: /api/user?low=0&high=10
[2023-05-04T08:28:31.951] [FATAL] GET - Remote: http://localhost:4200, path: /api/user/info/pagi
[2023-05-04T08:29:05.253] [FATAL] GET - Remote: http://localhost:4200, path: /api/user?low=0&high=10
[2023-05-04T08:29:05.268] [FATAL] GET - Remote: http://localhost:4200, path: /api/user/info/pagi
[2023-05-04T08:29:11.705] [FATAL] GET - Remote: http://localhost:4200, path: /api/user?low=0&high=10
[2023-05-04T08:29:11.706] [FATAL] GET - Remote: http://localhost:4200, path: /api/user/info/pagi
[2023-05-04T08:29:23.847] [FATAL] GET - Remote: http://localhost:4200, path: /api/user?low=0&high=10
[2023-05-04T08:29:23.858] [FATAL] GET - Remote: http://localhost:4200, path: /api/user/info/pagi
[2023-05-04T08:29:51.859] [FATAL] GET - Remote: http://localhost:4200, path: /api/user?low=0&high=10
[2023-05-04T08:29:51.871] [FATAL] GET - Remote: http://localhost:4200, path: /api/user/info/pagi
[2023-05-04T08:30:01.118] [FATAL] GET - Remote: http://localhost:4200, path: /api/user?low=0&high=10
[2023-05-04T08:30:01.125] [FATAL] GET - Remote: http://localhost:4200, path: /api/user/info/pagi
[2023-05-04T08:30:40.622] [FATAL] GET - Remote: http://localhost:4200, path: /api/user?low=0&high=10
[2023-05-04T08:30:40.628] [FATAL] GET - Remote: http://localhost:4200, path: /api/user/info/pagi
[2023-05-04T08:31:05.744] [FATAL] GET - Remote: http://localhost:4200, path: /api/user?low=0&high=10
[2023-05-04T08:31:05.745] [FATAL] GET - Remote: http://localhost:4200, path: /api/user/info/pagi
[2023-05-04T08:31:10.945] [FATAL] GET - Remote: http://localhost:4200, path: /api/user?low=0&high=10
[2023-05-04T08:31:10.946] [FATAL] GET - Remote: http://localhost:4200, path: /api/user/info/pagi
[2023-05-04T08:31:23.868] [FATAL] GET - Remote: http://localhost:4200, path: /api/user?low=0&high=10
[2023-05-04T08:31:23.870] [FATAL] GET - Remote: http://localhost:4200, path: /api/user/info/pagi
[2023-05-04T08:31:32.422] [FATAL] GET - Remote: http://localhost:4200, path: /api/user?low=0&high=10
[2023-05-04T08:31:32.426] [FATAL] GET - Remote: http://localhost:4200, path: /api/user/info/pagi
[2023-05-04T08:31:34.745] [FATAL] GET - Remote: http://localhost:4200, path: /api/user?low=0&high=10
[2023-05-04T08:31:34.746] [FATAL] GET - Remote: http://localhost:4200, path: /api/user/info/pagi
[2023-05-04T08:32:01.106] [FATAL] GET - Remote: http://localhost:4200, path: /api/user?low=0&high=10
[2023-05-04T08:32:01.112] [FATAL] GET - Remote: http://localhost:4200, path: /api/user/info/pagi
[2023-05-04T08:32:12.030] [FATAL] GET - Remote: http://localhost:4200, path: /api/user?low=0&high=10
[2023-05-04T08:32:12.032] [FATAL] GET - Remote: http://localhost:4200, path: /api/user/info/pagi
[2023-05-04T08:32:36.915] [FATAL] GET - Remote: http://localhost:4200, path: /api/user?low=0&high=10
[2023-05-04T08:32:36.925] [FATAL] GET - Remote: http://localhost:4200, path: /api/user/info/pagi
[2023-05-04T08:32:43.176] [FATAL] GET - Remote: http://localhost:4200, path: /api/user?low=0&high=10
[2023-05-04T08:32:43.180] [FATAL] GET - Remote: http://localhost:4200, path: /api/user/info/pagi
[2023-05-04T08:33:07.463] [FATAL] GET - Remote: http://localhost:4200, path: /api/user/2
[2023-05-04T08:33:10.426] [FATAL] GET - Remote: http://localhost:4200, path: /api/user?low=0&high=10
[2023-05-04T08:39:32.478] [FATAL] GET - Remote: http://localhost:4200, path: /api/user?low=0&high=10
[2023-05-04T08:39:32.490] [FATAL] GET - Remote: http://localhost:4200, path: /api/user/info/pagi
[2023-05-04T08:44:00.708] [FATAL] GET - Remote: http://localhost:4200, path: /api/user/2
[2023-05-04T08:44:04.556] [FATAL] PATCH - Remote: http://localhost:4200, path: /api/user
[2023-05-04T08:44:04.725] [FATAL] GET - Remote: http://localhost:4200, path: /api/user?low=0&high=10
[2023-05-04T08:44:09.847] [FATAL] DELETE - Remote: http://localhost:4200, path: /api/user/2
[2023-05-04T08:44:10.026] [FATAL] GET - Remote: http://localhost:4200, path: /api/user?low=0&high=10
[2023-05-04T08:44:11.509] [FATAL] GET - Remote: http://localhost:4200, path: /api/user?low=0&high=10
[2023-05-04T08:48:21.316] [FATAL] POST - Remote: http://localhost:4200, path: /api/auth/login
[2023-05-04T08:48:22.021] [FATAL] GET - Remote: http://localhost:4200, path: /api/user?low=0&high=10
[2023-05-04T08:48:22.026] [FATAL] GET - Remote: http://localhost:4200, path: /api/user/info/pagi
[2023-05-04T08:48:39.963] [FATAL] GET - Remote: http://localhost:4200, path: /api/user?low=0&high=10
[2023-05-04T08:48:39.972] [FATAL] GET - Remote: http://localhost:4200, path: /api/user/info/pagi
[2023-05-04T08:48:55.473] [FATAL] GET - Remote: http://localhost:4200, path: /api/user?low=0&high=10
[2023-05-04T08:48:55.477] [FATAL] GET - Remote: http://localhost:4200, path: /api/user/info/pagi
